<?xml version="1.0" encoding="UTF-8"?>
<testsuite xmlns:xsi="http://www.w3.org/2001/XMLSchema-instance" xsi:noNamespaceSchemaLocation="https://maven.apache.org/surefire/maven-surefire-plugin/xsd/surefire-test-report.xsd" name="com.mycompany.app.AppTest" time="0.033" tests="5" errors="0" skipped="0" failures="2">
  <properties>
[...]
</properties>
  <testcase name="shouldAnswerWithTrue" classname="com.mycompany.app.AppTest" time="0.001"/>
  <testcase name="shouldAnswerWithTrue1" classname="com.mycompany.app.AppTest" time="0.003">
    <failure type="java.lang.AssertionError">java.lang.AssertionError
	at com.mycompany.app.AppTest.shouldAnswerWithTrue1(AppTest.java:23)
</failure>
  </testcase>
  <testcase name="shouldAnswerWithTrue2" classname="com.mycompany.app.AppTest" time="0"/>
  <testcase name="shouldAnswerWithTrue3" classname="com.mycompany.app.AppTest" time="0.001">
    <failure type="java.lang.AssertionError">java.lang.AssertionError
	at com.mycompany.app.AppTest.shouldAnswerWithTrue3(AppTest.java:35)
</failure>
  </testcase>
  <testcase name="shouldAnswerWithTrue4" classname="com.mycompany.app.AppTest" time="0.002"/>
</testsuite>